<?xml version="1.0" encoding="UTF-8"?>
<!-- Generated by org.testng.reporters.JUnitReportReporter -->
<testsuite hostname="INLEN8520075188" failures="0" tests="1" name="DDT.ReadExcel2" time="0.823" errors="0" timestamp="2024-10-24T20:11:08 IST" skipped="0">
  <testcase classname="DDT.ReadExcel2" name="Readfile" time="0.823"/>
</testsuite> <!-- DDT.ReadExcel2 -->
