<?xml version="1.0" encoding="UTF-8"?>
<!-- Generated by org.testng.reporters.JUnitReportReporter -->
<testsuite hostname="INLEN8520075188" failures="0" tests="1" name="DDT.ReadExcel" time="0.681" errors="0" timestamp="2024-10-25T19:12:18 IST" skipped="0">
  <testcase classname="DDT.ReadExcel" name="Readfile" time="0.681"/>
</testsuite> <!-- DDT.ReadExcel -->
