<?xml version="1.0" encoding="UTF-8"?>
<!-- Generated by org.testng.reporters.JUnitReportReporter -->
<testsuite hostname="INLEN8520075188" failures="0" tests="2" name="parallel.Edge" time="0.029" errors="0" timestamp="2024-11-08T20:13:59 IST" skipped="0">
  <testcase classname="parallel.Edge" name="testTitle" time="0.028"/>
  <testcase classname="parallel.Edge" name="clickOffers" time="0.001"/>
</testsuite> <!-- parallel.Edge -->
