<?xml version="1.0" encoding="UTF-8"?>
<!-- Generated by org.testng.reporters.JUnitReportReporter -->
<testsuite hostname="INLEN8520075188" failures="0" tests="2" name="Assertion.CyclicDependency" time="0.013" errors="0" timestamp="2024-11-06T23:33:23 IST" skipped="0">
  <testcase classname="Assertion.CyclicDependency" name="Login" time="0.011"/>
  <testcase classname="Assertion.CyclicDependency" name="Logout" time="0.002"/>
</testsuite> <!-- Assertion.CyclicDependency -->
