<?xml version="1.0" encoding="UTF-8"?>
<!-- Generated by org.testng.reporters.JUnitReportReporter -->
<testsuite hostname="INLEN8520075188" failures="0" tests="2" name="DDT.day53_DDT" time="0.011" errors="0" timestamp="2024-10-24T19:08:23 IST" skipped="0">
  <testcase classname="DDT.day53_DDT" name="test1" time="0.009"/>
  <testcase classname="DDT.day53_DDT" name="test1" time="0.002"/>
</testsuite> <!-- DDT.day53_DDT -->
