<?xml version="1.0" encoding="UTF-8"?>
<!-- Generated by org.testng.reporters.JUnitReportReporter -->
<testsuite hostname="INLEN8520075188" failures="0" tests="3" name="parallel.FireFoxTest" time="0.022" errors="0" timestamp="2024-11-08T20:13:59 IST" skipped="0">
  <testcase classname="parallel.FireFoxTest" name="testTitle" time="0.014"/>
  <testcase classname="parallel.FireFoxTest" name="clickOffers" time="0.006"/>
  <testcase classname="parallel.FireFoxTest" name="clickOrders" time="0.002"/>
</testsuite> <!-- parallel.FireFoxTest -->
