<?xml version="1.0" encoding="UTF-8"?>
<!-- Generated by org.testng.reporters.JUnitReportReporter -->
<testsuite hostname="INLEN8520075188" failures="0" tests="2" name="DDT_DataProvider.Data_Supplier" time="0.010" errors="0" timestamp="2024-10-26T20:43:30 IST" skipped="0">
  <testcase classname="DDT_DataProvider.Data_Supplier" name="login" time="0.002"/>
  <testcase classname="DDT_DataProvider.Data_Supplier" name="login" time="0.008"/>
</testsuite> <!-- DDT_DataProvider.Data_Supplier -->
