<?xml version="1.0" encoding="UTF-8"?>
<!-- Generated by org.testng.reporters.JUnitReportReporter -->
<testsuite hostname="INLEN8520075188" failures="0" tests="3" name="Assertion.DependecyGroups" time="0.002" errors="0" timestamp="2024-11-06T23:33:39 IST" skipped="0">
  <testcase classname="Assertion.DependecyGroups" name="verifyTitle" time="0.001"/>
  <testcase classname="Assertion.DependecyGroups" name="Login" time="0.001"/>
  <testcase classname="Assertion.DependecyGroups" name="Logout" time="0.000"/>
</testsuite> <!-- Assertion.DependecyGroups -->
