<?xml version="1.0" encoding="UTF-8"?>
<!-- Generated by org.testng.reporters.JUnitReportReporter -->
<testsuite hostname="INLEN8520075188" failures="0" tests="1" name="test.Test1" time="19.729" errors="0" timestamp="2024-11-26T17:42:01 IST" skipped="0">
  <testcase classname="test.Test1" name="test" time="19.729"/>
</testsuite> <!-- test.Test1 -->
