<?xml version="1.0" encoding="UTF-8"?>
<!-- Generated by org.testng.reporters.JUnitReportReporter -->
<testsuite hostname="INLEN8520075188" failures="0" tests="1" name="CrossBroswer.Test2" time="0.012" errors="0" timestamp="2024-11-08T15:21:03 IST" skipped="0">
  <testcase classname="CrossBroswer.Test2" name="param" time="0.012"/>
</testsuite> <!-- CrossBroswer.Test2 -->
