<?xml version="1.0" encoding="UTF-8"?>
<!-- Generated by org.testng.reporters.JUnitReportReporter -->
<testsuite hostname="INLEN8520075188" failures="0" tests="3" name="DDT_DataProvider.LogintoApp" time="0.009" errors="0" timestamp="2024-11-12T23:15:13 IST" skipped="1">
  <testcase classname="DDT_DataProvider.LogintoApp" name="readExcel" time="0.002"/>
  <testcase classname="DDT_DataProvider.LogintoApp" name="readExcel" time="0.007"/>
  <testcase classname="DDT_DataProvider.LogintoApp" name="login">
    <skipped/>
  </testcase> <!-- login -->
</testsuite> <!-- DDT_DataProvider.LogintoApp -->
