<?xml version="1.0" encoding="UTF-8"?>
<!-- Generated by org.testng.reporters.JUnitReportReporter -->
<testsuite hostname="INLEN8520075188" failures="0" tests="2" name="parallel.Paralleltest2" time="19.814" errors="0" timestamp="2024-11-08T19:24:12 IST" skipped="0">
  <testcase classname="parallel.Paralleltest2" name="testChrome" time="9.971"/>
  <testcase classname="parallel.Paralleltest2" name="testEdge" time="9.843"/>
</testsuite> <!-- parallel.Paralleltest2 -->
