<?xml version="1.0" encoding="UTF-8"?>
<!-- Generated by org.testng.reporters.JUnitReportReporter -->
<testsuite hostname="INLEN8520075188" failures="0" tests="1" name="Assertion.TestingInvocationCount" time="0.009" errors="0" timestamp="2024-11-06T23:43:49 IST" skipped="0">
  <testcase classname="Assertion.TestingInvocationCount" name="test1" time="0.009"/>
</testsuite> <!-- Assertion.TestingInvocationCount -->
