<?xml version="1.0" encoding="UTF-8"?>
<!-- Generated by org.testng.reporters.JUnitReportReporter -->
<testsuite hostname="INLEN8520075188" failures="0" tests="3" name="parallel.ChromeTest" time="0.118" errors="0" timestamp="2024-11-08T20:13:59 IST" skipped="0">
  <testcase classname="parallel.ChromeTest" name="testTitle" time="0.114"/>
  <testcase classname="parallel.ChromeTest" name="clickOffers" time="0.002"/>
  <testcase classname="parallel.ChromeTest" name="clickOrders" time="0.002"/>
</testsuite> <!-- parallel.ChromeTest -->
