<?xml version="1.0" encoding="UTF-8"?>
<!-- Generated by org.testng.reporters.JUnitReportReporter -->
<testsuite hostname="INLEN8520075188" failures="0" tests="2" name="Assertion.TestNGwithSelenium" time="1.270" errors="0" timestamp="2024-11-06T23:33:38 IST" skipped="0">
  <testcase classname="Assertion.TestNGwithSelenium" name="loginApp" time="0.367"/>
  <testcase classname="Assertion.TestNGwithSelenium" name="LogoutApp" time="0.903"/>
</testsuite> <!-- Assertion.TestNGwithSelenium -->
