<?xml version="1.0" encoding="UTF-8"?>
<!-- Generated by org.testng.reporters.JUnitReportReporter -->
<testsuite hostname="INLEN8520075188" failures="0" tests="4" name="TestngExample2" time="0.014" errors="0" timestamp="2024-10-20T14:08:20 IST" skipped="1">
  <testcase classname="TestngExample2" name="SystemLogin" time="0.011"/>
  <testcase classname="TestngExample2" name="SystemLogout" time="0.001"/>
  <testcase classname="TestngExample2" name="MakePaymentUsingCreditCard" time="0.002"/>
  <testcase classname="TestngExample2" name="MakePaymentUsingDebitCard">
    <skipped/>
  </testcase> <!-- MakePaymentUsingDebitCard -->
</testsuite> <!-- TestngExample2 -->
