<?xml version="1.0" encoding="UTF-8"?>
<!-- Generated by org.testng.reporters.JUnitReportReporter -->
<testsuite hostname="INLEN8520075188" failures="0" tests="3" name="parallel.Test1" time="0.015" errors="0" timestamp="2024-11-12T23:17:06 IST" skipped="0">
  <testcase classname="parallel.Test1" name="Test2" time="0.003"/>
  <testcase classname="parallel.Test1" name="Test" time="0.011"/>
  <testcase classname="parallel.Test1" name="Test3" time="0.001"/>
</testsuite> <!-- parallel.Test1 -->
