<?xml version="1.0" encoding="UTF-8"?>
<!-- Generated by org.testng.reporters.JUnitReportReporter -->
<testsuite hostname="INLEN8520075188" failures="0" tests="2" name="parallel.Paralleltest" time="14.062" errors="0" timestamp="2024-11-08T19:19:13 IST" skipped="0">
  <testcase classname="parallel.Paralleltest" name="testChrome" time="7.017"/>
  <testcase classname="parallel.Paralleltest" name="testEdge" time="7.045"/>
</testsuite> <!-- parallel.Paralleltest -->
